{
"contracts\\Raffle.sol":{"l":{"53":3,"54":3,"55":3,"56":3,"57":3,"58":3,"59":3,"60":3,"64":15,"65":1,"67":14,"68":1,"70":13,"71":13,"77":6,"78":6,"79":1,"85":5,"86":5,"93":5,"106":10,"107":10,"108":10,"109":10,"110":10,"117":1,"118":1,"119":1,"120":1,"121":1,"122":1,"123":1,"124":1,"125":0,"127":1,"131":4,"135":0,"139":0,"143":1,"147":2,"151":2,"155":14,"159":14,"163":0},"path":"C:\\Users\\mishr\\OneDrive\\Desktop\\lottery-hardhat\\contracts\\Raffle.sol","s":{"1":3,"2":3,"3":3,"4":3,"5":3,"6":3,"7":3,"8":3,"9":15,"10":14,"11":13,"12":13,"13":6,"14":6,"15":5,"16":5,"17":5,"18":10,"19":10,"20":10,"21":10,"22":10,"23":1,"24":1,"25":1,"26":1,"27":1,"28":1,"29":1,"30":1,"31":1,"32":4,"33":0,"34":0,"35":1,"36":2,"37":2,"38":14,"39":14,"40":0},"b":{"1":[1,14],"2":[1,13],"3":[1,5],"4":[0,1]},"f":{"1":3,"2":15,"3":6,"4":10,"5":1,"6":4,"7":0,"8":0,"9":1,"10":2,"11":2,"12":14,"13":14,"14":0},"fnMap":{"1":{"name":"constructor","line":52,"loc":{"start":{"line":45,"column":4},"end":{"line":61,"column":4}}},"2":{"name":"enterRaffle","line":63,"loc":{"start":{"line":63,"column":4},"end":{"line":72,"column":4}}},"3":{"name":"performUpkeep","line":74,"loc":{"start":{"line":74,"column":4},"end":{"line":94,"column":4}}},"4":{"name":"checkUpkeep","line":96,"loc":{"start":{"line":96,"column":4},"end":{"line":111,"column":4}}},"5":{"name":"fulfillRandomWords","line":113,"loc":{"start":{"line":113,"column":4},"end":{"line":128,"column":4}}},"6":{"name":"getRaffleState","line":130,"loc":{"start":{"line":130,"column":4},"end":{"line":132,"column":4}}},"7":{"name":"getNumWords","line":134,"loc":{"start":{"line":134,"column":4},"end":{"line":136,"column":4}}},"8":{"name":"getRequestConfirmations","line":138,"loc":{"start":{"line":138,"column":4},"end":{"line":140,"column":4}}},"9":{"name":"getRecentWinner","line":142,"loc":{"start":{"line":142,"column":4},"end":{"line":144,"column":4}}},"10":{"name":"getPlayer","line":146,"loc":{"start":{"line":146,"column":4},"end":{"line":148,"column":4}}},"11":{"name":"getLastTimeStamp","line":150,"loc":{"start":{"line":150,"column":4},"end":{"line":152,"column":4}}},"12":{"name":"getInterval","line":154,"loc":{"start":{"line":154,"column":4},"end":{"line":156,"column":4}}},"13":{"name":"getEntranceFee","line":158,"loc":{"start":{"line":158,"column":4},"end":{"line":160,"column":4}}},"14":{"name":"getNumberOfPlayers","line":162,"loc":{"start":{"line":162,"column":4},"end":{"line":164,"column":4}}}},"statementMap":{"1":{"start":{"line":53,"column":8},"end":{"line":53,"column":69}},"2":{"start":{"line":54,"column":8},"end":{"line":54,"column":26}},"3":{"start":{"line":55,"column":8},"end":{"line":55,"column":40}},"4":{"start":{"line":56,"column":8},"end":{"line":56,"column":34}},"5":{"start":{"line":57,"column":8},"end":{"line":57,"column":44}},"6":{"start":{"line":58,"column":8},"end":{"line":58,"column":39}},"7":{"start":{"line":59,"column":8},"end":{"line":59,"column":40}},"8":{"start":{"line":60,"column":8},"end":{"line":60,"column":28}},"9":{"start":{"line":64,"column":8},"end":{"line":64,"column":2089}},"10":{"start":{"line":67,"column":8},"end":{"line":67,"column":2193}},"11":{"start":{"line":70,"column":8},"end":{"line":70,"column":42}},"12":{"start":{"line":71,"column":8},"end":{"line":71,"column":36}},"13":{"start":{"line":77,"column":8},"end":{"line":77,"column":47}},"14":{"start":{"line":78,"column":8},"end":{"line":78,"column":2533}},"15":{"start":{"line":85,"column":8},"end":{"line":85,"column":46}},"16":{"start":{"line":86,"column":8},"end":{"line":86,"column":2819}},"17":{"start":{"line":93,"column":8},"end":{"line":93,"column":45}},"18":{"start":{"line":106,"column":8},"end":{"line":106,"column":57}},"19":{"start":{"line":107,"column":8},"end":{"line":107,"column":76}},"20":{"start":{"line":108,"column":8},"end":{"line":108,"column":48}},"21":{"start":{"line":109,"column":8},"end":{"line":109,"column":51}},"22":{"start":{"line":110,"column":8},"end":{"line":110,"column":72}},"23":{"start":{"line":117,"column":8},"end":{"line":117,"column":65}},"24":{"start":{"line":118,"column":8},"end":{"line":118,"column":63}},"25":{"start":{"line":119,"column":8},"end":{"line":119,"column":36}},"26":{"start":{"line":120,"column":8},"end":{"line":120,"column":39}},"27":{"start":{"line":121,"column":8},"end":{"line":121,"column":43}},"28":{"start":{"line":122,"column":8},"end":{"line":122,"column":40}},"29":{"start":{"line":123,"column":8},"end":{"line":123,"column":78}},"30":{"start":{"line":124,"column":8},"end":{"line":124,"column":4164}},"31":{"start":{"line":127,"column":8},"end":{"line":127,"column":39}},"32":{"start":{"line":131,"column":8},"end":{"line":131,"column":28}},"33":{"start":{"line":135,"column":8},"end":{"line":135,"column":24}},"34":{"start":{"line":139,"column":8},"end":{"line":139,"column":36}},"35":{"start":{"line":143,"column":8},"end":{"line":143,"column":29}},"36":{"start":{"line":147,"column":8},"end":{"line":147,"column":31}},"37":{"start":{"line":151,"column":8},"end":{"line":151,"column":30}},"38":{"start":{"line":155,"column":8},"end":{"line":155,"column":25}},"39":{"start":{"line":159,"column":8},"end":{"line":159,"column":28}},"40":{"start":{"line":163,"column":8},"end":{"line":163,"column":31}}},"branchMap":{"1":{"line":64,"type":"if","locations":[{"start":{"line":64,"column":8},"end":{"line":64,"column":8}},{"start":{"line":64,"column":8},"end":{"line":64,"column":8}}]},"2":{"line":67,"type":"if","locations":[{"start":{"line":67,"column":8},"end":{"line":67,"column":8}},{"start":{"line":67,"column":8},"end":{"line":67,"column":8}}]},"3":{"line":78,"type":"if","locations":[{"start":{"line":78,"column":8},"end":{"line":78,"column":8}},{"start":{"line":78,"column":8},"end":{"line":78,"column":8}}]},"4":{"line":124,"type":"if","locations":[{"start":{"line":124,"column":8},"end":{"line":124,"column":8}},{"start":{"line":124,"column":8},"end":{"line":124,"column":8}}]}}},
"contracts\\test\\VRFCoordinatorV2Mock.sol":{"l":{},"path":"C:\\Users\\mishr\\OneDrive\\Desktop\\lottery-hardhat\\contracts\\test\\VRFCoordinatorV2Mock.sol","s":{},"b":{},"f":{},"fnMap":{},"statementMap":{},"branchMap":{}}}
