TN:
SF:C:\Users\mishr\OneDrive\Desktop\lottery-hardhat\contracts\Raffle.sol
FN:52,constructor
FN:63,enterRaffle
FN:74,performUpkeep
FN:96,checkUpkeep
FN:113,fulfillRandomWords
FN:130,getRaffleState
FN:134,getNumWords
FN:138,getRequestConfirmations
FN:142,getRecentWinner
FN:146,getPlayer
FN:150,getLastTimeStamp
FN:154,getInterval
FN:158,getEntranceFee
FN:162,getNumberOfPlayers
FNF:14
FNH:11
FNDA:3,constructor
FNDA:15,enterRaffle
FNDA:6,performUpkeep
FNDA:10,checkUpkeep
FNDA:1,fulfillRandomWords
FNDA:4,getRaffleState
FNDA:0,getNumWords
FNDA:0,getRequestConfirmations
FNDA:1,getRecentWinner
FNDA:2,getPlayer
FNDA:2,getLastTimeStamp
FNDA:14,getInterval
FNDA:14,getEntranceFee
FNDA:0,getNumberOfPlayers
DA:53,3
DA:54,3
DA:55,3
DA:56,3
DA:57,3
DA:58,3
DA:59,3
DA:60,3
DA:64,15
DA:65,1
DA:67,14
DA:68,1
DA:70,13
DA:71,13
DA:77,6
DA:78,6
DA:79,1
DA:85,5
DA:86,5
DA:93,5
DA:106,10
DA:107,10
DA:108,10
DA:109,10
DA:110,10
DA:117,1
DA:118,1
DA:119,1
DA:120,1
DA:121,1
DA:122,1
DA:123,1
DA:124,1
DA:125,0
DA:127,1
DA:131,4
DA:135,0
DA:139,0
DA:143,1
DA:147,2
DA:151,2
DA:155,14
DA:159,14
DA:163,0
LF:44
LH:40
BRDA:64,1,0,1
BRDA:64,1,1,14
BRDA:67,2,0,1
BRDA:67,2,1,13
BRDA:78,3,0,1
BRDA:78,3,1,5
BRDA:124,4,0,0
BRDA:124,4,1,1
BRF:8
BRH:7
end_of_record
TN:
SF:C:\Users\mishr\OneDrive\Desktop\lottery-hardhat\contracts\test\VRFCoordinatorV2Mock.sol
FNF:0
FNH:0
LF:0
LH:0
BRF:0
BRH:0
end_of_record
